
=== Wed Dec 11 09:28:57 2019

Packages were changed.
Update Mode: updateDependencies

The following packages were added:
  com.unity.2d.tilemap@1.0.0
  com.unity.test-framework@1.1.3
  com.unity.timeline@1.2.6
  com.unity.2d.sprite@1.0.0
  com.unity.ide.vscode@1.1.3
  com.unity.ide.rider@1.1.0
  com.unity.ugui@1.0.0
  com.unity.xr.legacyinputhelpers@1.3.8
  com.unity.modules.androidjni@1.0.0
  com.unity.multiplayer-hlapi@1.0.4
The following packages were updated:
  com.unity.collab-proxy from version 1.2.15 to 1.2.16
  com.unity.render-pipelines.lightweight from version 4.1.0-preview to 7.1.5
  com.unity.shadergraph from version 4.1.0-preview to 7.1.5
The following packages were removed:
  com.unity.package-manager-ui@2.0.3
